Determining if the pthread_create exist failed with the following output:
Change Dir: /media/pi/USB_drive/vision/CMakeFiles/CMakeTmp

Run Build Command:"/usr/bin/make" "cmTryCompileExec2658417855/fast"
/usr/bin/make -f CMakeFiles/cmTryCompileExec2658417855.dir/build.make CMakeFiles/cmTryCompileExec2658417855.dir/build
make[1]: Entering directory '/media/pi/USB_drive/vision/CMakeFiles/CMakeTmp'
/usr/bin/cmake -E cmake_progress_report /media/pi/USB_drive/vision/CMakeFiles/CMakeTmp/CMakeFiles 1
Building C object CMakeFiles/cmTryCompileExec2658417855.dir/CheckSymbolExists.c.o
/usr/bin/cc    -o CMakeFiles/cmTryCompileExec2658417855.dir/CheckSymbolExists.c.o   -c /media/pi/USB_drive/vision/CMakeFiles/CMakeTmp/CheckSymbolExists.c
Linking C executable cmTryCompileExec2658417855
/usr/bin/cmake -E cmake_link_script CMakeFiles/cmTryCompileExec2658417855.dir/link.txt --verbose=1
/usr/bin/cc       CMakeFiles/cmTryCompileExec2658417855.dir/CheckSymbolExists.c.o  -o cmTryCompileExec2658417855 -rdynamic 
CMakeFiles/cmTryCompileExec2658417855.dir/CheckSymbolExists.c.o: In function `main':
CheckSymbolExists.c:(.text+0x38): undefined reference to `pthread_create'
collect2: error: ld returned 1 exit status
CMakeFiles/cmTryCompileExec2658417855.dir/build.make:88: recipe for target 'cmTryCompileExec2658417855' failed
make[1]: Leaving directory '/media/pi/USB_drive/vision/CMakeFiles/CMakeTmp'
make[1]: *** [cmTryCompileExec2658417855] Error 1
Makefile:118: recipe for target 'cmTryCompileExec2658417855/fast' failed
make: *** [cmTryCompileExec2658417855/fast] Error 2

File /media/pi/USB_drive/vision/CMakeFiles/CMakeTmp/CheckSymbolExists.c:
/* */
#include <pthread.h>

int main(int argc, char** argv)
{
  (void)argv;
#ifndef pthread_create
  return ((int*)(&pthread_create))[argc];
#else
  (void)argc;
  return 0;
#endif
}

Determining if the function pthread_create exists in the pthreads failed with the following output:
Change Dir: /media/pi/USB_drive/vision/CMakeFiles/CMakeTmp

Run Build Command:"/usr/bin/make" "cmTryCompileExec386685047/fast"
/usr/bin/make -f CMakeFiles/cmTryCompileExec386685047.dir/build.make CMakeFiles/cmTryCompileExec386685047.dir/build
make[1]: Entering directory '/media/pi/USB_drive/vision/CMakeFiles/CMakeTmp'
/usr/bin/cmake -E cmake_progress_report /media/pi/USB_drive/vision/CMakeFiles/CMakeTmp/CMakeFiles 1
Building C object CMakeFiles/cmTryCompileExec386685047.dir/CheckFunctionExists.c.o
/usr/bin/cc   -DCHECK_FUNCTION_EXISTS=pthread_create   -o CMakeFiles/cmTryCompileExec386685047.dir/CheckFunctionExists.c.o   -c /usr/share/cmake-3.0/Modules/CheckFunctionExists.c
Linking C executable cmTryCompileExec386685047
/usr/bin/cmake -E cmake_link_script CMakeFiles/cmTryCompileExec386685047.dir/link.txt --verbose=1
/usr/bin/cc   -DCHECK_FUNCTION_EXISTS=pthread_create    CMakeFiles/cmTryCompileExec386685047.dir/CheckFunctionExists.c.o  -o cmTryCompileExec386685047 -rdynamic -lpthreads 
/usr/bin/ld: cannot find -lpthreads
collect2: error: ld returned 1 exit status
CMakeFiles/cmTryCompileExec386685047.dir/build.make:88: recipe for target 'cmTryCompileExec386685047' failed
make[1]: Leaving directory '/media/pi/USB_drive/vision/CMakeFiles/CMakeTmp'
make[1]: *** [cmTryCompileExec386685047] Error 1
Makefile:118: recipe for target 'cmTryCompileExec386685047/fast' failed
make: *** [cmTryCompileExec386685047/fast] Error 2


